<?xml version="1.0" encoding="UTF-8"?>
<testng-results ignored="1" total="2" passed="1" failed="0" skipped="0">
  <reporter-output>
  </reporter-output>
  <suite started-at="2025-07-28T10:20:47 IST" name="Default suite" finished-at="2025-07-28T10:20:47 IST" duration-ms="59">
    <groups>
    </groups>
    <test started-at="2025-07-28T10:20:47 IST" name="Default test" finished-at="2025-07-28T10:20:47 IST" duration-ms="59">
      <class name="pac2.OrgTest">
        <test-method signature="modifiedOrgTest()[pri:0, instance:pac2.OrgTest@4c583ecf]" started-at="2025-07-28T10:20:47 IST" name="modifiedOrgTest" finished-at="2025-07-28T10:20:47 IST" duration-ms="13" status="PASS">
          <reporter-output>
          </reporter-output>
        </test-method> <!-- modifiedOrgTest -->
      </class> <!-- pac2.OrgTest -->
    </test> <!-- Default test -->
  </suite> <!-- Default suite -->
</testng-results>
