<?xml version="1.0" encoding="UTF-8"?>
<testng-results ignored="0" total="2" passed="2" failed="0" skipped="0">
  <reporter-output>
  </reporter-output>
  <suite started-at="2025-07-28T16:34:56 IST" name="Default suite" finished-at="2025-07-28T16:34:56 IST" duration-ms="69">
    <groups>
    </groups>
    <test started-at="2025-07-28T16:34:56 IST" name="Default test" finished-at="2025-07-28T16:34:56 IST" duration-ms="69">
      <class name="pac2.OrgTest">
        <test-method is-config="true" signature="logOutTest()[pri:0, instance:pac2.OrgTest@6989da5e]" started-at="2025-07-28T16:34:56 IST" name="logOutTest" finished-at="2025-07-28T16:34:56 IST" duration-ms="9" status="PASS">
          <reporter-output>
          </reporter-output>
        </test-method> <!-- logOutTest -->
        <test-method is-config="true" signature="openBrowserTest()[pri:0, instance:pac2.OrgTest@6989da5e]" started-at="2025-07-28T16:34:56 IST" name="openBrowserTest" finished-at="2025-07-28T16:34:56 IST" duration-ms="1" status="PASS">
          <reporter-output>
          </reporter-output>
        </test-method> <!-- openBrowserTest -->
        <test-method is-config="true" signature="logInTest()[pri:0, instance:pac2.OrgTest@6989da5e]" started-at="2025-07-28T16:34:56 IST" name="logInTest" finished-at="2025-07-28T16:34:56 IST" duration-ms="1" status="PASS">
          <reporter-output>
          </reporter-output>
        </test-method> <!-- logInTest -->
        <test-method signature="createOrgTest()[pri:0, instance:pac2.OrgTest@6989da5e]" started-at="2025-07-28T16:34:56 IST" name="createOrgTest" finished-at="2025-07-28T16:34:56 IST" duration-ms="13" status="PASS">
          <reporter-output>
          </reporter-output>
        </test-method> <!-- createOrgTest -->
        <test-method signature="modifiedOrgTest()[pri:0, instance:pac2.OrgTest@6989da5e]" started-at="2025-07-28T16:34:56 IST" name="modifiedOrgTest" finished-at="2025-07-28T16:34:56 IST" duration-ms="1" status="PASS">
          <reporter-output>
          </reporter-output>
        </test-method> <!-- modifiedOrgTest -->
        <test-method is-config="true" signature="logInTest()[pri:0, instance:pac2.OrgTest@6989da5e]" started-at="2025-07-28T16:34:56 IST" name="logInTest" finished-at="2025-07-28T16:34:56 IST" duration-ms="0" status="PASS">
          <reporter-output>
          </reporter-output>
        </test-method> <!-- logInTest -->
        <test-method is-config="true" signature="closewBrowserTest()[pri:0, instance:pac2.OrgTest@6989da5e]" started-at="2025-07-28T16:34:56 IST" name="closewBrowserTest" finished-at="2025-07-28T16:34:56 IST" duration-ms="0" status="PASS">
          <reporter-output>
          </reporter-output>
        </test-method> <!-- closewBrowserTest -->
      </class> <!-- pac2.OrgTest -->
    </test> <!-- Default test -->
  </suite> <!-- Default suite -->
</testng-results>
